-------------------------------------------------------------------------------
Test set: com.bvr.SpringBootProjectApplicationTests
-------------------------------------------------------------------------------
Tests run: 1, Failures: 0, Errors: 1, Skipped: 0, Time elapsed: 5.352 s <<< FAILURE! - in com.bvr.SpringBootProjectApplicationTests
contextLoads  Time elapsed: 0.002 s  <<< ERROR!
java.lang.IllegalStateException: Failed to load ApplicationContext
Caused by: org.springframework.beans.factory.UnsatisfiedDependencyException: Error creating bean with name 'springBootProjectApplication': Unsatisfied dependency expressed through field 'repository'; nested exception is org.springframework.beans.factory.BeanCreationException: Error creating bean with name 'employeeRepository' defined in com.bvr.repository.EmployeeRepository defined in @EnableJpaRepositories declared on JpaRepositoriesRegistrar.EnableJpaRepositoriesConfiguration: Invocation of init method failed; nested exception is java.lang.IllegalArgumentException: Failed to create query for method public abstract java.util.List com.bvr.repository.EmployeeRepository.findByName(java.lang.String)! No property name found for type Employee!
Caused by: org.springframework.beans.factory.BeanCreationException: Error creating bean with name 'employeeRepository' defined in com.bvr.repository.EmployeeRepository defined in @EnableJpaRepositories declared on JpaRepositoriesRegistrar.EnableJpaRepositoriesConfiguration: Invocation of init method failed; nested exception is java.lang.IllegalArgumentException: Failed to create query for method public abstract java.util.List com.bvr.repository.EmployeeRepository.findByName(java.lang.String)! No property name found for type Employee!
Caused by: java.lang.IllegalArgumentException: Failed to create query for method public abstract java.util.List com.bvr.repository.EmployeeRepository.findByName(java.lang.String)! No property name found for type Employee!
Caused by: org.springframework.data.mapping.PropertyReferenceException: No property name found for type Employee!

